gpasm-1.4.0 #1106 (Oct  6 2014) obj\Debug\Tim   8-8-2019  10:49:57          PAGE  1


LOC    OBJECT CODE    LINE  SOURCE TEXT
  VALUE

                      00001 ;--------------------------------------------------------
                      00002 ; File Created by SDCC : free open source ANSI-C Compiler
                      00003 ; Version 3.5.0 #9253 (Jun 20 2015) (MINGW32)
                      00004 ; This file was generated Thu Aug 08 10:49:57 2019
                      00005 ;--------------------------------------------------------
                      00006 ; PIC port for the 14-bit core
                      00007 ;--------------------------------------------------------
                      00008         .file   "Timer.c"
                      00009         list    p=16f877a
                      00010         radix dec
                      00011         include "p16f877a.inc"
                      00001         LIST
                      00002 
                      00003 ;==========================================================================
                      00004 ; Build date : Aug 07 2014
                      00005 ;  MPASM PIC16F877A processor include
                      00006 ; 
                      00007 ;  (c) Copyright 1999-2014 Microchip Technology, All rights reserved
                      00008 ;==========================================================================
                      00009 
                      00567         LIST
                      00012 ;--------------------------------------------------------
                      00013 ; external declarations
                      00014 ;--------------------------------------------------------
  0000                00015         extern  _STATUSbits
  0000                00016         extern  _PORTAbits
  0000                00017         extern  _PORTBbits
  0000                00018         extern  _PORTCbits
  0000                00019         extern  _PORTDbits
  0000                00020         extern  _PORTEbits
  0000                00021         extern  _INTCONbits
  0000                00022         extern  _PIR1bits
  0000                00023         extern  _PIR2bits
  0000                00024         extern  _T1CONbits
  0000                00025         extern  _T2CONbits
  0000                00026         extern  _SSPCONbits
  0000                00027         extern  _CCP1CONbits
  0000                00028         extern  _RCSTAbits
  0000                00029         extern  _CCP2CONbits
  0000                00030         extern  _ADCON0bits
  0000                00031         extern  _OPTION_REGbits
  0000                00032         extern  _TRISAbits
  0000                00033         extern  _TRISBbits
  0000                00034         extern  _TRISCbits
  0000                00035         extern  _TRISDbits
  0000                00036         extern  _TRISEbits
  0000                00037         extern  _PIE1bits
  0000                00038         extern  _PIE2bits
  0000                00039         extern  _PCONbits
  0000                00040         extern  _SSPCON2bits
  0000                00041         extern  _SSPSTATbits
  0000                00042         extern  _TXSTAbits
  0000                00043         extern  _CMCONbits
gpasm-1.4.0 #1106 (Oct  6 2014) obj\Debug\Tim   8-8-2019  10:49:57          PAGE  2


LOC    OBJECT CODE    LINE  SOURCE TEXT
  VALUE

  0000                00044         extern  _CVRCONbits
  0000                00045         extern  _ADCON1bits
  0000                00046         extern  _EECON1bits
  0000                00047         extern  _run_flag
  0000                00048         extern  _INDF
  0000                00049         extern  _TMR0
  0000                00050         extern  _PCL
  0000                00051         extern  _STATUS
  0000                00052         extern  _FSR
  0000                00053         extern  _PORTA
  0000                00054         extern  _PORTB
  0000                00055         extern  _PORTC
  0000                00056         extern  _PORTD
  0000                00057         extern  _PORTE
  0000                00058         extern  _PCLATH
  0000                00059         extern  _INTCON
  0000                00060         extern  _PIR1
  0000                00061         extern  _PIR2
  0000                00062         extern  _TMR1
  0000                00063         extern  _TMR1L
  0000                00064         extern  _TMR1H
  0000                00065         extern  _T1CON
  0000                00066         extern  _TMR2
  0000                00067         extern  _T2CON
  0000                00068         extern  _SSPBUF
  0000                00069         extern  _SSPCON
  0000                00070         extern  _CCPR1
  0000                00071         extern  _CCPR1L
  0000                00072         extern  _CCPR1H
  0000                00073         extern  _CCP1CON
  0000                00074         extern  _RCSTA
  0000                00075         extern  _TXREG
  0000                00076         extern  _RCREG
  0000                00077         extern  _CCPR2
  0000                00078         extern  _CCPR2L
  0000                00079         extern  _CCPR2H
  0000                00080         extern  _CCP2CON
  0000                00081         extern  _ADRESH
  0000                00082         extern  _ADCON0
  0000                00083         extern  _OPTION_REG
  0000                00084         extern  _TRISA
  0000                00085         extern  _TRISB
  0000                00086         extern  _TRISC
  0000                00087         extern  _TRISD
  0000                00088         extern  _TRISE
  0000                00089         extern  _PIE1
  0000                00090         extern  _PIE2
  0000                00091         extern  _PCON
  0000                00092         extern  _SSPCON2
  0000                00093         extern  _PR2
  0000                00094         extern  _SSPADD
  0000                00095         extern  _SSPSTAT
  0000                00096         extern  _TXSTA
gpasm-1.4.0 #1106 (Oct  6 2014) obj\Debug\Tim   8-8-2019  10:49:57          PAGE  3


LOC    OBJECT CODE    LINE  SOURCE TEXT
  VALUE

  0000                00097         extern  _SPBRG
  0000                00098         extern  _CMCON
  0000                00099         extern  _CVRCON
  0000                00100         extern  _ADRESL
  0000                00101         extern  _ADCON1
  0000                00102         extern  _EEDATA
  0000                00103         extern  _EEADR
  0000                00104         extern  _EEDATH
  0000                00105         extern  _EEADRH
  0000                00106         extern  _EECON1
  0000                00107         extern  _EECON2
  0000                00108         extern  ___sdcc_saved_fsr
                      00109 
  0000                00110         extern PSAVE
  0000                00111         extern SSAVE
  0000                00112         extern WSAVE
  0000                00113         extern STK12
  0000                00114         extern STK11
  0000                00115         extern STK10
  0000                00116         extern STK09
  0000                00117         extern STK08
  0000                00118         extern STK07
  0000                00119         extern STK06
  0000                00120         extern STK05
  0000                00121         extern STK04
  0000                00122         extern STK03
  0000                00123         extern STK02
  0000                00124         extern STK01
  0000                00125         extern STK00
                      00126 ;--------------------------------------------------------
                      00127 ; global declarations
                      00128 ;--------------------------------------------------------
  0000                00129         global  _Tmr_Update
  0000                00130         global  _Tmr_Check_Overflow
  0000                00131         global  _Tmr_Stop
  0000                00132         global  _Tmr_Start
  0000                00133         global  _Timer_INIT
                      00134 
                      00135 ;--------------------------------------------------------
                      00136 ; global definitions
                      00137 ;--------------------------------------------------------
                      00138 ;--------------------------------------------------------
                      00139 ; absolute symbol definitions
                      00140 ;--------------------------------------------------------
                      00141 ;--------------------------------------------------------
                      00142 ; compiler-defined variables
                      00143 ;--------------------------------------------------------
                      00144 UDL_Timer_0     udata
0000                  00145 r0x1002 res     1
                      00146 ;--------------------------------------------------------
                      00147 ; initialized data
                      00148 ;--------------------------------------------------------
                      00149 ;--------------------------------------------------------
gpasm-1.4.0 #1106 (Oct  6 2014) obj\Debug\Tim   8-8-2019  10:49:57          PAGE  4


LOC    OBJECT CODE    LINE  SOURCE TEXT
  VALUE

                      00150 ; overlayable items in internal ram 
                      00151 ;--------------------------------------------------------
                      00152 ;       udata_ovr
                      00153 ;--------------------------------------------------------
                      00154 ; interrupt and initialization code
                      00155 ;--------------------------------------------------------
                      00156 c_interrupt     code    0x4
0004                  00157 __sdcc_interrupt
                      00158 ;***
                      00159 ;  pBlock Stats: dbName = I
                      00160 ;***
                      00161 ;entry:  _Tmr_Update    ;Function start
                      00162 ; 0 exit points
                      00163 ;; Starting pCode block
                      00164 ;;; /home/sdcc-builder/build/sdcc-build/orig/sdcc/src/pic14/gen.c:2316:resultRemat *{*
                      00165 ;;; /home/sdcc-builder/build/sdcc-build/orig/sdcc/src/pic14/gen.c:2760:genLabel *{*
                      00166 ;; ***  genLabel  2763
                      00167 ;;; /home/sdcc-builder/build/sdcc-build/orig/sdcc/src/pic14/gen.c:2316:resultRemat *{*
                      00168 ;;; /home/sdcc-builder/build/sdcc-build/orig/sdcc/src/pic14/gen.c:2340:genFunction *{*
                      00169 ;; ***  genFunction  2342 curr label offset=16previous max_key=0 
0004                  00170 _Tmr_Update     ;Function start
                      00171 ; 0 exit points
                      00172 ;; >>> /home/sdcc-builder/build/sdcc-build/orig/sdcc/src/pic14/gen.c:2407:genFunction
                      00173         .line   30; "Timer.c"   void Tmr_Update(void) __interrupt 0{
0004   00??           00174         MOVWF   WSAVE
                      00175 ;; >>> /home/sdcc-builder/build/sdcc-build/orig/sdcc/src/pic14/gen.c:2408:genFunction
0005   0E03           00176         SWAPF   STATUS,W
                      00177 ;; >>> /home/sdcc-builder/build/sdcc-build/orig/sdcc/src/pic14/gen.c:2413:genFunction
0006   0183           00178         CLRF    STATUS
                      00179 ;; >>> /home/sdcc-builder/build/sdcc-build/orig/sdcc/src/pic14/gen.c:2414:genFunction
0007   00??           00180         MOVWF   SSAVE
                      00181 ;; >>> /home/sdcc-builder/build/sdcc-build/orig/sdcc/src/pic14/gen.c:2416:genFunction
0008   080A           00182         MOVF    PCLATH,W
                      00183 ;; >>> /home/sdcc-builder/build/sdcc-build/orig/sdcc/src/pic14/gen.c:2418:genFunction
0009   018A           00184         CLRF    PCLATH
                      00185 ;; >>> /home/sdcc-builder/build/sdcc-build/orig/sdcc/src/pic14/gen.c:2419:genFunction
000A   00??           00186         MOVWF   PSAVE
                      00187 ;; >>> /home/sdcc-builder/build/sdcc-build/orig/sdcc/src/pic14/gen.c:2421:genFunction
000B   0804           00188         MOVF    FSR,W
                      00189 ;; >>> /home/sdcc-builder/build/sdcc-build/orig/sdcc/src/pic14/gen.c:2422:genFunction
000C   ???? ????      00190         BANKSEL ___sdcc_saved_fsr
000E   00??           00191         MOVWF   ___sdcc_saved_fsr
                      00192 ;;; /home/sdcc-builder/build/sdcc-build/orig/sdcc/src/pic14/gen.c:2316:resultRemat *{*
                      00193 ;;; /home/sdcc-builder/build/sdcc-build/orig/sdcc/src/pic14/gen.c:6927:genAssign *{*
                      00194 ;; ***  genAssign  6928
                      00195 ;; ***  aopForSym 315
                      00196 ;;      327 sym->rname = _run_flag, size = 1
                      00197 ;;      line = 6937 result AOP_DIR=_run_flag, size=1, left -=-, size=0, right AOP_LIT=0x01, size=1
                      00198 ;; ***  genAssign  7023
                      00199 ;; >>> /home/sdcc-builder/build/sdcc-build/orig/sdcc/src/pic14/gen.c:7030:genAssign
                      00200         .line   31; "Timer.c"   run_flag=1;
000F   3001           00201         MOVLW   0x01
                      00202 ;; >>> /home/sdcc-builder/build/sdcc-build/orig/sdcc/src/pic14/gen.c:7032:genAssign
gpasm-1.4.0 #1106 (Oct  6 2014) obj\Debug\Tim   8-8-2019  10:49:57          PAGE  5


LOC    OBJECT CODE    LINE  SOURCE TEXT
  VALUE

                      00203 ;;      1009
                      00204 ;;      1028  _run_flag   offset=0
0010   ???? ????      00205         BANKSEL _run_flag
0012   00??           00206         MOVWF   _run_flag
                      00207 ;;; /home/sdcc-builder/build/sdcc-build/orig/sdcc/src/pic14/gen.c:2316:resultRemat *{*
                      00208 ;;; /home/sdcc-builder/build/sdcc-build/orig/sdcc/src/pic14/gen.c:2316:resultRemat *{*
                      00209 ;;; /home/sdcc-builder/build/sdcc-build/orig/sdcc/src/pic14/gen.c:6686:genPointerSet *{*
                      00210 ;; ***  genPointerSet  6687
                      00211 ;;; /home/sdcc-builder/build/sdcc-build/orig/sdcc/src/pic14/gen.c:6505:genNearPointerSet *{*
                      00212 ;; ***  genNearPointerSet  6506
                      00213 ;;      613
                      00214 ;;      aopForRemat 392
                      00215 ;;      418: rname _INTCONbits, val 0, const = 0
                      00216 ;; ***  genNearPointerSet  6521
                      00217 ;;      833: aopGet AOP_PCODE type PO_IMMEDIATE
                      00218 ;;      _INTCONbits
                      00219 ;;      line = 6523 result AOP_PCODE=_INTCONbits, size=2, left -=-, size=0, right AOP_LIT=0x00, size=1
                      00220 ;;; /home/sdcc-builder/build/sdcc-build/orig/sdcc/src/pic14/gen.c:6249:genPackBits *{*
                      00221 ;; ***  genPackBits  6250
                      00222 ;;      833: aopGet AOP_PCODE type PO_IMMEDIATE
                      00223 ;;      _INTCONbits
                      00224 ;; >>> /home/sdcc-builder/build/sdcc-build/orig/sdcc/src/pic14/gen.c:6275:genPackBits
                      00225         .line   32; "Timer.c"   Clear_Tmr0_Flag;
0013   ???? ????      00226         BANKSEL _INTCONbits
0015   11??           00227         BCF     _INTCONbits,2
                      00228 ;;; /home/sdcc-builder/build/sdcc-build/orig/sdcc/src/pic14/gen.c:2316:resultRemat *{*
                      00229 ;;; /home/sdcc-builder/build/sdcc-build/orig/sdcc/src/pic14/gen.c:6927:genAssign *{*
                      00230 ;; ***  genAssign  6928
                      00231 ;; ***  aopForSym 315
                      00232 ;;      327 sym->rname = _TMR0, size = 1
                      00233 ;;      line = 6937 result AOP_DIR=_TMR0, size=1, left -=-, size=0, right AOP_LIT=0x64, size=1
                      00234 ;; ***  genAssign  7023
                      00235 ;; >>> /home/sdcc-builder/build/sdcc-build/orig/sdcc/src/pic14/gen.c:7030:genAssign
                      00236         .line   33; "Timer.c"   Set_Tmr_Intialval(Timer_Intial_value);
0016   3064           00237         MOVLW   0x64
                      00238 ;; >>> /home/sdcc-builder/build/sdcc-build/orig/sdcc/src/pic14/gen.c:7032:genAssign
                      00239 ;;      1009
                      00240 ;;      1028  _TMR0   offset=0
0017   00??           00241         MOVWF   _TMR0
                      00242 ;;; /home/sdcc-builder/build/sdcc-build/orig/sdcc/src/pic14/gen.c:2316:resultRemat *{*
                      00243 ;;; /home/sdcc-builder/build/sdcc-build/orig/sdcc/src/pic14/gen.c:2760:genLabel *{*
                      00244 ;; ***  genLabel  2763
                      00245 ;;; /home/sdcc-builder/build/sdcc-build/orig/sdcc/src/pic14/gen.c:2316:resultRemat *{*
                      00246 ;;; /home/sdcc-builder/build/sdcc-build/orig/sdcc/src/pic14/gen.c:2528:genEndFunction *{*
                      00247 ;; ***  genEndFunction  2530
                      00248 ;; >>> /home/sdcc-builder/build/sdcc-build/orig/sdcc/src/pic14/gen.c:2622:genEndFunction
0018   ???? ????      00249         BANKSEL ___sdcc_saved_fsr
001A   08??           00250         MOVF    ___sdcc_saved_fsr,W
                      00251 ;; >>> /home/sdcc-builder/build/sdcc-build/orig/sdcc/src/pic14/gen.c:2623:genEndFunction
001B   1283 1303      00252         BANKSEL FSR
001D   0084           00253         MOVWF   FSR
                      00254 ;; >>> /home/sdcc-builder/build/sdcc-build/orig/sdcc/src/pic14/gen.c:2625:genEndFunction
001E   08??           00255         MOVF    PSAVE,W
gpasm-1.4.0 #1106 (Oct  6 2014) obj\Debug\Tim   8-8-2019  10:49:57          PAGE  6


LOC    OBJECT CODE    LINE  SOURCE TEXT
  VALUE

                      00256 ;; >>> /home/sdcc-builder/build/sdcc-build/orig/sdcc/src/pic14/gen.c:2626:genEndFunction
001F   008A           00257         MOVWF   PCLATH
                      00258 ;; >>> /home/sdcc-builder/build/sdcc-build/orig/sdcc/src/pic14/gen.c:2627:genEndFunction
0020   0183           00259         CLRF    STATUS
                      00260 ;; >>> /home/sdcc-builder/build/sdcc-build/orig/sdcc/src/pic14/gen.c:2629:genEndFunction
0021   0E??           00261         SWAPF   SSAVE,W
                      00262 ;; >>> /home/sdcc-builder/build/sdcc-build/orig/sdcc/src/pic14/gen.c:2630:genEndFunction
0022   0083           00263         MOVWF   STATUS
                      00264 ;; >>> /home/sdcc-builder/build/sdcc-build/orig/sdcc/src/pic14/gen.c:2631:genEndFunction
0023   0E??           00265         SWAPF   WSAVE,F
                      00266 ;; >>> /home/sdcc-builder/build/sdcc-build/orig/sdcc/src/pic14/gen.c:2632:genEndFunction
0024   0E??           00267         SWAPF   WSAVE,W
0025                  00268 END_OF_INTERRUPT
0025   0009           00269         RETFIE  
                      00270 
                      00271 ;--------------------------------------------------------
                      00272 ; code
                      00273 ;--------------------------------------------------------
                      00274 code_Timer      code
                      00275 ;***
                      00276 ;  pBlock Stats: dbName = C
                      00277 ;***
                      00278 ;entry:  _Tmr_Check_Overflow    ;Function start
                      00279 ; 2 exit points
                      00280 ;has an exit
                      00281 ;1 compiler assigned register :
                      00282 ;   r0x1002
                      00283 ;; Starting pCode block
                      00284 ;;; /home/sdcc-builder/build/sdcc-build/orig/sdcc/src/pic14/gen.c:2316:resultRemat *{*
                      00285 ;;; /home/sdcc-builder/build/sdcc-build/orig/sdcc/src/pic14/gen.c:2760:genLabel *{*
                      00286 ;; ***  genLabel  2763
                      00287 ;;; /home/sdcc-builder/build/sdcc-build/orig/sdcc/src/pic14/gen.c:2316:resultRemat *{*
                      00288 ;;; /home/sdcc-builder/build/sdcc-build/orig/sdcc/src/pic14/gen.c:2340:genFunction *{*
                      00289 ;; ***  genFunction  2342 curr label offset=12previous max_key=0 
0000                  00290 _Tmr_Check_Overflow     ;Function start
                      00291 ; 2 exit points
                      00292 ;;; /home/sdcc-builder/build/sdcc-build/orig/sdcc/src/pic14/gen.c:2316:resultRemat *{*
                      00293 ;;; /home/sdcc-builder/build/sdcc-build/orig/sdcc/src/pic14/gen.c:2316:resultRemat *{*
                      00294 ;;; /home/sdcc-builder/build/sdcc-build/orig/sdcc/src/pic14/gen.c:6162:genPointerGet *{*
                      00295 ;; ***  genPointerGet  6163
                      00296 ;;; /home/sdcc-builder/build/sdcc-build/orig/sdcc/src/pic14/gen.c:5944:genNearPointerGet *{*
                      00297 ;; ***  genNearPointerGet  5945
                      00298 ;;      613
                      00299 ;;      aopForRemat 392
                      00300 ;;      418: rname _INTCONbits, val 0, const = 0
                      00301 ;; ***  genNearPointerGet  5961
                      00302 ;;      694 register type nRegs=1
                      00303 ;;; /home/sdcc-builder/build/sdcc-build/orig/sdcc/src/pic14/gen.c:5760:genUnpackBits *{*
                      00304 ;; ***  genUnpackBits  5761
                      00305 ;; >>> /home/sdcc-builder/build/sdcc-build/orig/sdcc/src/pic14/gen.c:5799:genUnpackBits
                      00306 ;;      1109 rIdx = r0x1048 
                      00307         .line   27; "Timer.c"   return Tmr_Get_flag;
0000   ???? ????      00308         BANKSEL r0x1002
gpasm-1.4.0 #1106 (Oct  6 2014) obj\Debug\Tim   8-8-2019  10:49:57          PAGE  7


LOC    OBJECT CODE    LINE  SOURCE TEXT
  VALUE

0002   01??           00309         CLRF    r0x1002
                      00310 ;; >>> /home/sdcc-builder/build/sdcc-build/orig/sdcc/src/pic14/gen.c:5805:genUnpackBits
                      00311 ;;      833: aopGet AOP_PCODE type PO_IMMEDIATE
                      00312 ;;      _INTCONbits
0003   ???? ????      00313         BANKSEL _INTCONbits
0005   1D??           00314         BTFSS   _INTCONbits,2
0006   2???           00315         GOTO    _00001_DS_
                      00316 ;; >>> /home/sdcc-builder/build/sdcc-build/orig/sdcc/src/pic14/gen.c:5835:genUnpackBits
                      00317 ;;      1109 rIdx = r0x1048 
0007   ???? ????      00318         BANKSEL r0x1002
0009   0A??           00319         INCF    r0x1002,F
                      00320 ;; ***  addSign  861
                      00321 ;;; /home/sdcc-builder/build/sdcc-build/orig/sdcc/src/pic14/genarith.c:862:addSign *{*
                      00322 ;;; /home/sdcc-builder/build/sdcc-build/orig/sdcc/src/pic14/gen.c:2316:resultRemat *{*
                      00323 ;;; /home/sdcc-builder/build/sdcc-build/orig/sdcc/src/pic14/gen.c:2683:genRet *{*
                      00324 ;; ***  genRet  2685
                      00325 ;;      694 register type nRegs=1
                      00326 ;;; /home/sdcc-builder/build/sdcc-build/orig/sdcc/src/pic14/gen.c:1343:mov2w_op *{*
                      00327 ;; ***  mov2w  1381  offset=0
                      00328 ;; >>> /home/sdcc-builder/build/sdcc-build/orig/sdcc/src/pic14/gen.c:1386:mov2w
                      00329 ;;      1109 rIdx = r0x1048 
000A                  00330 _00001_DS_
000A   ???? ????      00331         BANKSEL r0x1002
000C   08??           00332         MOVF    r0x1002,W
                      00333 ;;; /home/sdcc-builder/build/sdcc-build/orig/sdcc/src/pic14/gen.c:2316:resultRemat *{*
                      00334 ;;; /home/sdcc-builder/build/sdcc-build/orig/sdcc/src/pic14/gen.c:2760:genLabel *{*
                      00335 ;; ***  genLabel  2763
                      00336 ;;; /home/sdcc-builder/build/sdcc-build/orig/sdcc/src/pic14/gen.c:2316:resultRemat *{*
                      00337 ;;; /home/sdcc-builder/build/sdcc-build/orig/sdcc/src/pic14/gen.c:2528:genEndFunction *{*
                      00338 ;; ***  genEndFunction  2530
000D   0008           00339         RETURN  
                      00340 ; exit point of _Tmr_Check_Overflow
                      00341 ;;; /home/sdcc-builder/build/sdcc-build/orig/sdcc/src/pic14/gen.c:7426:genpic14Code *{*
                      00342 
                      00343 ;***
                      00344 ;  pBlock Stats: dbName = C
                      00345 ;***
                      00346 ;entry:  _Tmr_Stop      ;Function start
                      00347 ; 2 exit points
                      00348 ;has an exit
                      00349 ;; Starting pCode block
                      00350 ;;; /home/sdcc-builder/build/sdcc-build/orig/sdcc/src/pic14/gen.c:2316:resultRemat *{*
                      00351 ;;; /home/sdcc-builder/build/sdcc-build/orig/sdcc/src/pic14/gen.c:2760:genLabel *{*
                      00352 ;; ***  genLabel  2763
                      00353 ;;; /home/sdcc-builder/build/sdcc-build/orig/sdcc/src/pic14/gen.c:2316:resultRemat *{*
                      00354 ;;; /home/sdcc-builder/build/sdcc-build/orig/sdcc/src/pic14/gen.c:2340:genFunction *{*
                      00355 ;; ***  genFunction  2342 curr label offset=8previous max_key=0 
000E                  00356 _Tmr_Stop       ;Function start
                      00357 ; 2 exit points
                      00358 ;;; /home/sdcc-builder/build/sdcc-build/orig/sdcc/src/pic14/gen.c:2316:resultRemat *{*
                      00359 ;;; /home/sdcc-builder/build/sdcc-build/orig/sdcc/src/pic14/gen.c:2316:resultRemat *{*
                      00360 ;;; /home/sdcc-builder/build/sdcc-build/orig/sdcc/src/pic14/gen.c:6686:genPointerSet *{*
                      00361 ;; ***  genPointerSet  6687
gpasm-1.4.0 #1106 (Oct  6 2014) obj\Debug\Tim   8-8-2019  10:49:57          PAGE  8


LOC    OBJECT CODE    LINE  SOURCE TEXT
  VALUE

                      00362 ;;; /home/sdcc-builder/build/sdcc-build/orig/sdcc/src/pic14/gen.c:6505:genNearPointerSet *{*
                      00363 ;; ***  genNearPointerSet  6506
                      00364 ;;      613
                      00365 ;;      aopForRemat 392
                      00366 ;;      418: rname _OPTION_REGbits, val 0, const = 0
                      00367 ;; ***  genNearPointerSet  6521
                      00368 ;;      833: aopGet AOP_PCODE type PO_IMMEDIATE
                      00369 ;;      _OPTION_REGbits
                      00370 ;;      line = 6523 result AOP_PCODE=_OPTION_REGbits, size=2, left -=-, size=0, right AOP_LIT=0x01, size
                            =1
                      00371 ;;; /home/sdcc-builder/build/sdcc-build/orig/sdcc/src/pic14/gen.c:6249:genPackBits *{*
                      00372 ;; ***  genPackBits  6250
                      00373 ;;      833: aopGet AOP_PCODE type PO_IMMEDIATE
                      00374 ;;      _OPTION_REGbits
                      00375 ;; >>> /home/sdcc-builder/build/sdcc-build/orig/sdcc/src/pic14/gen.c:6275:genPackBits
                      00376         .line   23; "Timer.c"   External_Triger;
000E   ???? ????      00377         BANKSEL _OPTION_REGbits
0010   16??           00378         BSF     _OPTION_REGbits,5
                      00379 ;;; /home/sdcc-builder/build/sdcc-build/orig/sdcc/src/pic14/gen.c:2316:resultRemat *{*
                      00380 ;;; /home/sdcc-builder/build/sdcc-build/orig/sdcc/src/pic14/gen.c:2760:genLabel *{*
                      00381 ;; ***  genLabel  2763
                      00382 ;;; /home/sdcc-builder/build/sdcc-build/orig/sdcc/src/pic14/gen.c:2316:resultRemat *{*
                      00383 ;;; /home/sdcc-builder/build/sdcc-build/orig/sdcc/src/pic14/gen.c:2528:genEndFunction *{*
                      00384 ;; ***  genEndFunction  2530
0011   0008           00385         RETURN  
                      00386 ; exit point of _Tmr_Stop
                      00387 ;;; /home/sdcc-builder/build/sdcc-build/orig/sdcc/src/pic14/gen.c:7426:genpic14Code *{*
                      00388 
                      00389 ;***
                      00390 ;  pBlock Stats: dbName = C
                      00391 ;***
                      00392 ;entry:  _Tmr_Start     ;Function start
                      00393 ; 2 exit points
                      00394 ;has an exit
                      00395 ;; Starting pCode block
                      00396 ;;; /home/sdcc-builder/build/sdcc-build/orig/sdcc/src/pic14/gen.c:2316:resultRemat *{*
                      00397 ;;; /home/sdcc-builder/build/sdcc-build/orig/sdcc/src/pic14/gen.c:2760:genLabel *{*
                      00398 ;; ***  genLabel  2763
                      00399 ;;; /home/sdcc-builder/build/sdcc-build/orig/sdcc/src/pic14/gen.c:2316:resultRemat *{*
                      00400 ;;; /home/sdcc-builder/build/sdcc-build/orig/sdcc/src/pic14/gen.c:2340:genFunction *{*
                      00401 ;; ***  genFunction  2342 curr label offset=4previous max_key=0 
0012                  00402 _Tmr_Start      ;Function start
                      00403 ; 2 exit points
                      00404 ;;; /home/sdcc-builder/build/sdcc-build/orig/sdcc/src/pic14/gen.c:2316:resultRemat *{*
                      00405 ;;; /home/sdcc-builder/build/sdcc-build/orig/sdcc/src/pic14/gen.c:2316:resultRemat *{*
                      00406 ;;; /home/sdcc-builder/build/sdcc-build/orig/sdcc/src/pic14/gen.c:6686:genPointerSet *{*
                      00407 ;; ***  genPointerSet  6687
                      00408 ;;; /home/sdcc-builder/build/sdcc-build/orig/sdcc/src/pic14/gen.c:6505:genNearPointerSet *{*
                      00409 ;; ***  genNearPointerSet  6506
                      00410 ;;      613
                      00411 ;;      aopForRemat 392
                      00412 ;;      418: rname _INTCONbits, val 0, const = 0
                      00413 ;; ***  genNearPointerSet  6521
gpasm-1.4.0 #1106 (Oct  6 2014) obj\Debug\Tim   8-8-2019  10:49:57          PAGE  9


LOC    OBJECT CODE    LINE  SOURCE TEXT
  VALUE

                      00414 ;;      833: aopGet AOP_PCODE type PO_IMMEDIATE
                      00415 ;;      _INTCONbits
                      00416 ;;      line = 6523 result AOP_PCODE=_INTCONbits, size=2, left -=-, size=0, right AOP_LIT=0x00, size=1
                      00417 ;;; /home/sdcc-builder/build/sdcc-build/orig/sdcc/src/pic14/gen.c:6249:genPackBits *{*
                      00418 ;; ***  genPackBits  6250
                      00419 ;;      833: aopGet AOP_PCODE type PO_IMMEDIATE
                      00420 ;;      _INTCONbits
                      00421 ;; >>> /home/sdcc-builder/build/sdcc-build/orig/sdcc/src/pic14/gen.c:6275:genPackBits
                      00422         .line   15; "Timer.c"   Clear_Tmr0_Flag;
0012   ???? ????      00423         BANKSEL _INTCONbits
0014   11??           00424         BCF     _INTCONbits,2
                      00425 ;;; /home/sdcc-builder/build/sdcc-build/orig/sdcc/src/pic14/gen.c:2316:resultRemat *{*
                      00426 ;;; /home/sdcc-builder/build/sdcc-build/orig/sdcc/src/pic14/gen.c:6927:genAssign *{*
                      00427 ;; ***  genAssign  6928
                      00428 ;; ***  aopForSym 315
                      00429 ;;      327 sym->rname = _TMR0, size = 1
                      00430 ;;      line = 6937 result AOP_DIR=_TMR0, size=1, left -=-, size=0, right AOP_LIT=0x64, size=1
                      00431 ;; ***  genAssign  7023
                      00432 ;; >>> /home/sdcc-builder/build/sdcc-build/orig/sdcc/src/pic14/gen.c:7030:genAssign
                      00433         .line   16; "Timer.c"   Set_Tmr_Intialval(Timer_Intial_value);
0015   3064           00434         MOVLW   0x64
                      00435 ;; >>> /home/sdcc-builder/build/sdcc-build/orig/sdcc/src/pic14/gen.c:7032:genAssign
                      00436 ;;      1009
                      00437 ;;      1028  _TMR0   offset=0
0016   00??           00438         MOVWF   _TMR0
                      00439 ;;; /home/sdcc-builder/build/sdcc-build/orig/sdcc/src/pic14/gen.c:2316:resultRemat *{*
                      00440 ;;; /home/sdcc-builder/build/sdcc-build/orig/sdcc/src/pic14/gen.c:2316:resultRemat *{*
                      00441 ;;; /home/sdcc-builder/build/sdcc-build/orig/sdcc/src/pic14/gen.c:6686:genPointerSet *{*
                      00442 ;; ***  genPointerSet  6687
                      00443 ;;; /home/sdcc-builder/build/sdcc-build/orig/sdcc/src/pic14/gen.c:6505:genNearPointerSet *{*
                      00444 ;; ***  genNearPointerSet  6506
                      00445 ;;      613
                      00446 ;;      aopForRemat 392
                      00447 ;;      418: rname _INTCONbits, val 0, const = 0
                      00448 ;; ***  genNearPointerSet  6521
                      00449 ;;      833: aopGet AOP_PCODE type PO_IMMEDIATE
                      00450 ;;      _INTCONbits
                      00451 ;;      line = 6523 result AOP_PCODE=_INTCONbits, size=2, left -=-, size=0, right AOP_LIT=0x01, size=1
                      00452 ;;; /home/sdcc-builder/build/sdcc-build/orig/sdcc/src/pic14/gen.c:6249:genPackBits *{*
                      00453 ;; ***  genPackBits  6250
                      00454 ;;      833: aopGet AOP_PCODE type PO_IMMEDIATE
                      00455 ;;      _INTCONbits
                      00456 ;; >>> /home/sdcc-builder/build/sdcc-build/orig/sdcc/src/pic14/gen.c:6275:genPackBits
                      00457         .line   17; "Timer.c"   Enable_G_Interrupt;
0017   17??           00458         BSF     _INTCONbits,7
                      00459 ;;; /home/sdcc-builder/build/sdcc-build/orig/sdcc/src/pic14/gen.c:2316:resultRemat *{*
                      00460 ;;; /home/sdcc-builder/build/sdcc-build/orig/sdcc/src/pic14/gen.c:2316:resultRemat *{*
                      00461 ;;; /home/sdcc-builder/build/sdcc-build/orig/sdcc/src/pic14/gen.c:6686:genPointerSet *{*
                      00462 ;; ***  genPointerSet  6687
                      00463 ;;; /home/sdcc-builder/build/sdcc-build/orig/sdcc/src/pic14/gen.c:6505:genNearPointerSet *{*
                      00464 ;; ***  genNearPointerSet  6506
                      00465 ;;      613
                      00466 ;;      aopForRemat 392
gpasm-1.4.0 #1106 (Oct  6 2014) obj\Debug\Tim   8-8-2019  10:49:57          PAGE 10


LOC    OBJECT CODE    LINE  SOURCE TEXT
  VALUE

                      00467 ;;      418: rname _INTCONbits, val 0, const = 0
                      00468 ;; ***  genNearPointerSet  6521
                      00469 ;;      833: aopGet AOP_PCODE type PO_IMMEDIATE
                      00470 ;;      _INTCONbits
                      00471 ;;      line = 6523 result AOP_PCODE=_INTCONbits, size=2, left -=-, size=0, right AOP_LIT=0x01, size=1
                      00472 ;;; /home/sdcc-builder/build/sdcc-build/orig/sdcc/src/pic14/gen.c:6249:genPackBits *{*
                      00473 ;; ***  genPackBits  6250
                      00474 ;;      833: aopGet AOP_PCODE type PO_IMMEDIATE
                      00475 ;;      _INTCONbits
                      00476 ;; >>> /home/sdcc-builder/build/sdcc-build/orig/sdcc/src/pic14/gen.c:6275:genPackBits
                      00477         .line   18; "Timer.c"   Enable_Tmr_Interrupt;
0018   16??           00478         BSF     _INTCONbits,5
                      00479 ;;; /home/sdcc-builder/build/sdcc-build/orig/sdcc/src/pic14/gen.c:2316:resultRemat *{*
                      00480 ;;; /home/sdcc-builder/build/sdcc-build/orig/sdcc/src/pic14/gen.c:2316:resultRemat *{*
                      00481 ;;; /home/sdcc-builder/build/sdcc-build/orig/sdcc/src/pic14/gen.c:6686:genPointerSet *{*
                      00482 ;; ***  genPointerSet  6687
                      00483 ;;; /home/sdcc-builder/build/sdcc-build/orig/sdcc/src/pic14/gen.c:6505:genNearPointerSet *{*
                      00484 ;; ***  genNearPointerSet  6506
                      00485 ;;      613
                      00486 ;;      aopForRemat 392
                      00487 ;;      418: rname _OPTION_REGbits, val 0, const = 0
                      00488 ;; ***  genNearPointerSet  6521
                      00489 ;;      833: aopGet AOP_PCODE type PO_IMMEDIATE
                      00490 ;;      _OPTION_REGbits
                      00491 ;;      line = 6523 result AOP_PCODE=_OPTION_REGbits, size=2, left -=-, size=0, right AOP_LIT=0x00, size
                            =1
                      00492 ;;; /home/sdcc-builder/build/sdcc-build/orig/sdcc/src/pic14/gen.c:6249:genPackBits *{*
                      00493 ;; ***  genPackBits  6250
                      00494 ;;      833: aopGet AOP_PCODE type PO_IMMEDIATE
                      00495 ;;      _OPTION_REGbits
                      00496 ;; >>> /home/sdcc-builder/build/sdcc-build/orig/sdcc/src/pic14/gen.c:6275:genPackBits
                      00497         .line   19; "Timer.c"   Internal_Clock;
0019   ???? ????      00498         BANKSEL _OPTION_REGbits
001B   12??           00499         BCF     _OPTION_REGbits,5
                      00500 ;;; /home/sdcc-builder/build/sdcc-build/orig/sdcc/src/pic14/gen.c:2316:resultRemat *{*
                      00501 ;;; /home/sdcc-builder/build/sdcc-build/orig/sdcc/src/pic14/gen.c:2760:genLabel *{*
                      00502 ;; ***  genLabel  2763
                      00503 ;;; /home/sdcc-builder/build/sdcc-build/orig/sdcc/src/pic14/gen.c:2316:resultRemat *{*
                      00504 ;;; /home/sdcc-builder/build/sdcc-build/orig/sdcc/src/pic14/gen.c:2528:genEndFunction *{*
                      00505 ;; ***  genEndFunction  2530
001C   0008           00506         RETURN  
                      00507 ; exit point of _Tmr_Start
                      00508 ;;; /home/sdcc-builder/build/sdcc-build/orig/sdcc/src/pic14/gen.c:7426:genpic14Code *{*
                      00509 
                      00510 ;***
                      00511 ;  pBlock Stats: dbName = C
                      00512 ;***
                      00513 ;entry:  _Timer_INIT    ;Function start
                      00514 ; 2 exit points
                      00515 ;has an exit
                      00516 ;; Starting pCode block
                      00517 ;;; /home/sdcc-builder/build/sdcc-build/orig/sdcc/src/pic14/gen.c:2316:resultRemat *{*
                      00518 ;;; /home/sdcc-builder/build/sdcc-build/orig/sdcc/src/pic14/gen.c:2760:genLabel *{*
gpasm-1.4.0 #1106 (Oct  6 2014) obj\Debug\Tim   8-8-2019  10:49:57          PAGE 11


LOC    OBJECT CODE    LINE  SOURCE TEXT
  VALUE

                      00519 ;; ***  genLabel  2763
                      00520 ;;; /home/sdcc-builder/build/sdcc-build/orig/sdcc/src/pic14/gen.c:2316:resultRemat *{*
                      00521 ;;; /home/sdcc-builder/build/sdcc-build/orig/sdcc/src/pic14/gen.c:2340:genFunction *{*
                      00522 ;; ***  genFunction  2342 curr label offset=0previous max_key=0 
001D                  00523 _Timer_INIT     ;Function start
                      00524 ; 2 exit points
                      00525 ;;; /home/sdcc-builder/build/sdcc-build/orig/sdcc/src/pic14/gen.c:2316:resultRemat *{*
                      00526 ;;; /home/sdcc-builder/build/sdcc-build/orig/sdcc/src/pic14/gen.c:2316:resultRemat *{*
                      00527 ;;; /home/sdcc-builder/build/sdcc-build/orig/sdcc/src/pic14/gen.c:6686:genPointerSet *{*
                      00528 ;; ***  genPointerSet  6687
                      00529 ;;; /home/sdcc-builder/build/sdcc-build/orig/sdcc/src/pic14/gen.c:6505:genNearPointerSet *{*
                      00530 ;; ***  genNearPointerSet  6506
                      00531 ;;      613
                      00532 ;;      aopForRemat 392
                      00533 ;;      418: rname _OPTION_REGbits, val 0, const = 0
                      00534 ;; ***  genNearPointerSet  6521
                      00535 ;;      833: aopGet AOP_PCODE type PO_IMMEDIATE
                      00536 ;;      _OPTION_REGbits
                      00537 ;;      line = 6523 result AOP_PCODE=_OPTION_REGbits, size=2, left -=-, size=0, right AOP_LIT=0x01, size
                            =1
                      00538 ;;; /home/sdcc-builder/build/sdcc-build/orig/sdcc/src/pic14/gen.c:6249:genPackBits *{*
                      00539 ;; ***  genPackBits  6250
                      00540 ;;      833: aopGet AOP_PCODE type PO_IMMEDIATE
                      00541 ;;      _OPTION_REGbits
                      00542 ;; >>> /home/sdcc-builder/build/sdcc-build/orig/sdcc/src/pic14/gen.c:6275:genPackBits
                      00543         .line   8; "Timer.c"    External_Triger;
001D   ???? ????      00544         BANKSEL _OPTION_REGbits
001F   16??           00545         BSF     _OPTION_REGbits,5
                      00546 ;;; /home/sdcc-builder/build/sdcc-build/orig/sdcc/src/pic14/gen.c:2316:resultRemat *{*
                      00547 ;;; /home/sdcc-builder/build/sdcc-build/orig/sdcc/src/pic14/gen.c:2316:resultRemat *{*
                      00548 ;;; /home/sdcc-builder/build/sdcc-build/orig/sdcc/src/pic14/gen.c:6686:genPointerSet *{*
                      00549 ;; ***  genPointerSet  6687
                      00550 ;;; /home/sdcc-builder/build/sdcc-build/orig/sdcc/src/pic14/gen.c:6505:genNearPointerSet *{*
                      00551 ;; ***  genNearPointerSet  6506
                      00552 ;;      613
                      00553 ;;      aopForRemat 392
                      00554 ;;      418: rname _OPTION_REGbits, val 0, const = 0
                      00555 ;; ***  genNearPointerSet  6521
                      00556 ;;      833: aopGet AOP_PCODE type PO_IMMEDIATE
                      00557 ;;      _OPTION_REGbits
                      00558 ;;      line = 6523 result AOP_PCODE=_OPTION_REGbits, size=2, left -=-, size=0, right AOP_LIT=0x00, size
                            =1
                      00559 ;;; /home/sdcc-builder/build/sdcc-build/orig/sdcc/src/pic14/gen.c:6249:genPackBits *{*
                      00560 ;; ***  genPackBits  6250
                      00561 ;;      833: aopGet AOP_PCODE type PO_IMMEDIATE
                      00562 ;;      _OPTION_REGbits
                      00563 ;; >>> /home/sdcc-builder/build/sdcc-build/orig/sdcc/src/pic14/gen.c:6275:genPackBits
                      00564         .line   9; "Timer.c"    Assign_prescaler_timer;
0020   11??           00565         BCF     _OPTION_REGbits,3
                      00566 ;;; /home/sdcc-builder/build/sdcc-build/orig/sdcc/src/pic14/gen.c:2316:resultRemat *{*
                      00567 ;;; /home/sdcc-builder/build/sdcc-build/orig/sdcc/src/pic14/gen.c:2316:resultRemat *{*
                      00568 ;;; /home/sdcc-builder/build/sdcc-build/orig/sdcc/src/pic14/gen.c:6686:genPointerSet *{*
                      00569 ;; ***  genPointerSet  6687
gpasm-1.4.0 #1106 (Oct  6 2014) obj\Debug\Tim   8-8-2019  10:49:57          PAGE 12


LOC    OBJECT CODE    LINE  SOURCE TEXT
  VALUE

                      00570 ;;; /home/sdcc-builder/build/sdcc-build/orig/sdcc/src/pic14/gen.c:6505:genNearPointerSet *{*
                      00571 ;; ***  genNearPointerSet  6506
                      00572 ;;      613
                      00573 ;;      aopForRemat 392
                      00574 ;;      418: rname _OPTION_REGbits, val 0, const = 0
                      00575 ;; ***  genNearPointerSet  6521
                      00576 ;;      833: aopGet AOP_PCODE type PO_IMMEDIATE
                      00577 ;;      _OPTION_REGbits
                      00578 ;;      line = 6523 result AOP_PCODE=_OPTION_REGbits, size=2, left -=-, size=0, right AOP_LIT=0x01, size
                            =1
                      00579 ;;; /home/sdcc-builder/build/sdcc-build/orig/sdcc/src/pic14/gen.c:6249:genPackBits *{*
                      00580 ;; ***  genPackBits  6250
                      00581 ;;      833: aopGet AOP_PCODE type PO_IMMEDIATE
                      00582 ;;      _OPTION_REGbits
                      00583 ;; >>> /home/sdcc-builder/build/sdcc-build/orig/sdcc/src/pic14/gen.c:6275:genPackBits
                      00584         .line   10; "Timer.c"   TMR_Prescaler_64;
0021   14??           00585         BSF     _OPTION_REGbits,0
                      00586 ;;; /home/sdcc-builder/build/sdcc-build/orig/sdcc/src/pic14/gen.c:2316:resultRemat *{*
                      00587 ;;; /home/sdcc-builder/build/sdcc-build/orig/sdcc/src/pic14/gen.c:2316:resultRemat *{*
                      00588 ;;; /home/sdcc-builder/build/sdcc-build/orig/sdcc/src/pic14/gen.c:6686:genPointerSet *{*
                      00589 ;; ***  genPointerSet  6687
                      00590 ;;; /home/sdcc-builder/build/sdcc-build/orig/sdcc/src/pic14/gen.c:6505:genNearPointerSet *{*
                      00591 ;; ***  genNearPointerSet  6506
                      00592 ;;      613
                      00593 ;;      aopForRemat 392
                      00594 ;;      418: rname _OPTION_REGbits, val 0, const = 0
                      00595 ;; ***  genNearPointerSet  6521
                      00596 ;;      833: aopGet AOP_PCODE type PO_IMMEDIATE
                      00597 ;;      _OPTION_REGbits
                      00598 ;;      line = 6523 result AOP_PCODE=_OPTION_REGbits, size=2, left -=-, size=0, right AOP_LIT=0x00, size
                            =1
                      00599 ;;; /home/sdcc-builder/build/sdcc-build/orig/sdcc/src/pic14/gen.c:6249:genPackBits *{*
                      00600 ;; ***  genPackBits  6250
                      00601 ;;      833: aopGet AOP_PCODE type PO_IMMEDIATE
                      00602 ;;      _OPTION_REGbits
                      00603 ;; >>> /home/sdcc-builder/build/sdcc-build/orig/sdcc/src/pic14/gen.c:6275:genPackBits
0022   10??           00604         BCF     _OPTION_REGbits,1
                      00605 ;;; /home/sdcc-builder/build/sdcc-build/orig/sdcc/src/pic14/gen.c:2316:resultRemat *{*
                      00606 ;;; /home/sdcc-builder/build/sdcc-build/orig/sdcc/src/pic14/gen.c:2316:resultRemat *{*
                      00607 ;;; /home/sdcc-builder/build/sdcc-build/orig/sdcc/src/pic14/gen.c:6686:genPointerSet *{*
                      00608 ;; ***  genPointerSet  6687
                      00609 ;;; /home/sdcc-builder/build/sdcc-build/orig/sdcc/src/pic14/gen.c:6505:genNearPointerSet *{*
                      00610 ;; ***  genNearPointerSet  6506
                      00611 ;;      613
                      00612 ;;      aopForRemat 392
                      00613 ;;      418: rname _OPTION_REGbits, val 0, const = 0
                      00614 ;; ***  genNearPointerSet  6521
                      00615 ;;      833: aopGet AOP_PCODE type PO_IMMEDIATE
                      00616 ;;      _OPTION_REGbits
                      00617 ;;      line = 6523 result AOP_PCODE=_OPTION_REGbits, size=2, left -=-, size=0, right AOP_LIT=0x01, size
                            =1
                      00618 ;;; /home/sdcc-builder/build/sdcc-build/orig/sdcc/src/pic14/gen.c:6249:genPackBits *{*
                      00619 ;; ***  genPackBits  6250
gpasm-1.4.0 #1106 (Oct  6 2014) obj\Debug\Tim   8-8-2019  10:49:57          PAGE 13


LOC    OBJECT CODE    LINE  SOURCE TEXT
  VALUE

                      00620 ;;      833: aopGet AOP_PCODE type PO_IMMEDIATE
                      00621 ;;      _OPTION_REGbits
                      00622 ;; >>> /home/sdcc-builder/build/sdcc-build/orig/sdcc/src/pic14/gen.c:6275:genPackBits
0023   15??           00623         BSF     _OPTION_REGbits,2
                      00624 ;;; /home/sdcc-builder/build/sdcc-build/orig/sdcc/src/pic14/gen.c:2316:resultRemat *{*
                      00625 ;;; /home/sdcc-builder/build/sdcc-build/orig/sdcc/src/pic14/gen.c:2760:genLabel *{*
                      00626 ;; ***  genLabel  2763
                      00627 ;;; /home/sdcc-builder/build/sdcc-build/orig/sdcc/src/pic14/gen.c:2316:resultRemat *{*
                      00628 ;;; /home/sdcc-builder/build/sdcc-build/orig/sdcc/src/pic14/gen.c:2528:genEndFunction *{*
                      00629 ;; ***  genEndFunction  2530
0024   0008           00630         RETURN  
                      00631 ; exit point of _Timer_INIT
                      00632 ;;; /home/sdcc-builder/build/sdcc-build/orig/sdcc/src/pic14/gen.c:7426:genpic14Code *{*
                      00633 
                      00634 
                      00635 ;       code size estimation:
                      00636 ;          45+   13 =    58 instructions (  142 byte)
                      00637 
                      00638         end
gpasm-1.4.0 #1106 (Oct  6 2014) obj\Debug\Tim   8-8-2019  10:49:57          PAGE 14


SYMBOL TABLE
  LABEL                             VALUE

ACKDT                             00000005
ACKEN                             00000004
ACKSTAT                           00000006
ADCON0                            0000001F
ADCON1                            0000009F
ADCS0                             00000006
ADCS1                             00000007
ADCS2                             00000006
ADDEN                             00000003
ADFM                              00000007
ADIE                              00000006
ADIF                              00000006
ADON                              00000000
ADRESH                            0000001E
ADRESL                            0000009E
BCLIE                             00000003
BCLIF                             00000003
BF                                00000000
BRGH                              00000002
C                                 00000000
C1INV                             00000004
C1OUT                             00000006
C2INV                             00000005
C2OUT                             00000007
CCP1CON                           00000017
CCP1IE                            00000002
CCP1IF                            00000002
CCP1M0                            00000000
CCP1M1                            00000001
CCP1M2                            00000002
CCP1M3                            00000003
CCP1X                             00000005
CCP1Y                             00000004
CCP2CON                           0000001D
CCP2IE                            00000000
CCP2IF                            00000000
CCP2M0                            00000000
CCP2M1                            00000001
CCP2M2                            00000002
CCP2M3                            00000003
CCP2X                             00000005
CCP2Y                             00000004
CCPR1                             00000015
CCPR1H                            00000016
CCPR1L                            00000015
CCPR2                             0000001B
CCPR2H                            0000001C
CCPR2L                            0000001B
CHS0                              00000003
CHS1                              00000004
CHS2                              00000005
CIS                               00000003
CKE                               00000006
gpasm-1.4.0 #1106 (Oct  6 2014) obj\Debug\Tim   8-8-2019  10:49:57          PAGE 15


SYMBOL TABLE
  LABEL                             VALUE 

CKP                               00000004
CM0                               00000000
CM1                               00000001
CM2                               00000002
CMCON                             0000009C
CMIE                              00000006
CMIF                              00000006
CREN                              00000004
CSRC                              00000007
CVR0                              00000000
CVR1                              00000001
CVR2                              00000002
CVR3                              00000003
CVRCON                            0000009D
CVREN                             00000007
CVROE                             00000006
CVRR                              00000005
D                                 00000005
DATA_ADDRESS                      00000005
DC                                00000001
D_A                               00000005
D_NOT_A                           00000005
EEADR                             0000010D
EEADRH                            0000010F
EECON1                            0000018C
EECON2                            0000018D
EEDATA                            0000010C
EEDATH                            0000010E
EEIE                              00000004
EEIF                              00000004
EEPGD                             00000007
END_OF_INTERRUPT                  00000025
F                                 00000001
FERR                              00000002
FSR                               00000004
GCEN                              00000007
GIE                               00000007
GO                                00000002
GO_DONE                           00000002
GO_NOT_DONE                       00000002
I2C_DATA                          00000005
I2C_READ                          00000002
I2C_START                         00000003
I2C_STOP                          00000004
IBF                               00000007
IBOV                              00000005
INDF                              00000000
INTCON                            0000000B
INTE                              00000004
INTEDG                            00000006
INTF                              00000001
IRP                               00000007
NOT_A                             00000005
gpasm-1.4.0 #1106 (Oct  6 2014) obj\Debug\Tim   8-8-2019  10:49:57          PAGE 16


SYMBOL TABLE
  LABEL                             VALUE 

NOT_ADDRESS                       00000005
NOT_BO                            00000000
NOT_BOR                           00000000
NOT_DONE                          00000002
NOT_PD                            00000003
NOT_POR                           00000001
NOT_RBPU                          00000007
NOT_RC8                           00000006
NOT_T1SYNC                        00000002
NOT_TO                            00000004
NOT_TX8                           00000006
NOT_W                             00000002
NOT_WRITE                         00000002
OBF                               00000006
OERR                              00000001
OPTION_REG                        00000081
P                                 00000004
PCFG0                             00000000
PCFG1                             00000001
PCFG2                             00000002
PCFG3                             00000003
PCL                               00000002
PCLATH                            0000000A
PCON                              0000008E
PEIE                              00000006
PEN                               00000002
PIE1                              0000008C
PIE2                              0000008D
PIR1                              0000000C
PIR2                              0000000D
PORTA                             00000005
PORTB                             00000006
PORTC                             00000007
PORTD                             00000008
PORTE                             00000009
PR2                               00000092
PS0                               00000000
PS1                               00000001
PS2                               00000002
PSA                               00000003
PSAVE                             00000000
PSPIE                             00000007
PSPIF                             00000007
PSPMODE                           00000004
R                                 00000002
RA0                               00000000
RA1                               00000001
RA2                               00000002
RA3                               00000003
RA4                               00000004
RA5                               00000005
RB0                               00000000
RB1                               00000001
gpasm-1.4.0 #1106 (Oct  6 2014) obj\Debug\Tim   8-8-2019  10:49:57          PAGE 17


SYMBOL TABLE
  LABEL                             VALUE 

RB2                               00000002
RB3                               00000003
RB4                               00000004
RB5                               00000005
RB6                               00000006
RB7                               00000007
RBIE                              00000003
RBIF                              00000000
RC0                               00000000
RC1                               00000001
RC2                               00000002
RC3                               00000003
RC4                               00000004
RC5                               00000005
RC6                               00000006
RC7                               00000007
RC8_9                             00000006
RC9                               00000006
RCD8                              00000000
RCEN                              00000003
RCIE                              00000005
RCIF                              00000005
RCREG                             0000001A
RCSTA                             00000018
RD                                00000000
RD0                               00000000
RD1                               00000001
RD2                               00000002
RD3                               00000003
RD4                               00000004
RD5                               00000005
RD6                               00000006
RD7                               00000007
RE0                               00000000
RE1                               00000001
RE2                               00000002
READ_WRITE                        00000002
RP0                               00000005
RP1                               00000006
RSEN                              00000001
RX9                               00000006
RX9D                              00000000
R_NOT_W                           00000002
R_W                               00000002
S                                 00000003
SEN                               00000000
SMP                               00000007
SPBRG                             00000099
SPEN                              00000007
SREN                              00000005
SSAVE                             00000000
SSPADD                            00000093
SSPBUF                            00000013
gpasm-1.4.0 #1106 (Oct  6 2014) obj\Debug\Tim   8-8-2019  10:49:57          PAGE 18


SYMBOL TABLE
  LABEL                             VALUE 

SSPCON                            00000014
SSPCON2                           00000091
SSPEN                             00000005
SSPIE                             00000003
SSPIF                             00000003
SSPM0                             00000000
SSPM1                             00000001
SSPM2                             00000002
SSPM3                             00000003
SSPOV                             00000006
SSPSTAT                           00000094
STATUS                            00000003
STK00                             00000000
STK01                             00000000
STK02                             00000000
STK03                             00000000
STK04                             00000000
STK05                             00000000
STK06                             00000000
STK07                             00000000
STK08                             00000000
STK09                             00000000
STK10                             00000000
STK11                             00000000
STK12                             00000000
SYNC                              00000004
T0CS                              00000005
T0IE                              00000005
T0IF                              00000002
T0SE                              00000004
T1CKPS0                           00000004
T1CKPS1                           00000005
T1CON                             00000010
T1INSYNC                          00000002
T1OSCEN                           00000003
T1SYNC                            00000002
T2CKPS0                           00000000
T2CKPS1                           00000001
T2CON                             00000012
TMR0                              00000001
TMR0IE                            00000005
TMR0IF                            00000002
TMR1                              0000000E
TMR1CS                            00000001
TMR1H                             0000000F
TMR1IE                            00000000
TMR1IF                            00000000
TMR1L                             0000000E
TMR1ON                            00000000
TMR2                              00000011
TMR2IE                            00000001
TMR2IF                            00000001
TMR2ON                            00000002
gpasm-1.4.0 #1106 (Oct  6 2014) obj\Debug\Tim   8-8-2019  10:49:57          PAGE 19


SYMBOL TABLE
  LABEL                             VALUE 

TOUTPS0                           00000003
TOUTPS1                           00000004
TOUTPS2                           00000005
TOUTPS3                           00000006
TRISA                             00000085
TRISA0                            00000000
TRISA1                            00000001
TRISA2                            00000002
TRISA3                            00000003
TRISA4                            00000004
TRISA5                            00000005
TRISB                             00000086
TRISB0                            00000000
TRISB1                            00000001
TRISB2                            00000002
TRISB3                            00000003
TRISB4                            00000004
TRISB5                            00000005
TRISB6                            00000006
TRISB7                            00000007
TRISC                             00000087
TRISC0                            00000000
TRISC1                            00000001
TRISC2                            00000002
TRISC3                            00000003
TRISC4                            00000004
TRISC5                            00000005
TRISC6                            00000006
TRISC7                            00000007
TRISD                             00000088
TRISD0                            00000000
TRISD1                            00000001
TRISD2                            00000002
TRISD3                            00000003
TRISD4                            00000004
TRISD5                            00000005
TRISD6                            00000006
TRISD7                            00000007
TRISE                             00000089
TRISE0                            00000000
TRISE1                            00000001
TRISE2                            00000002
TRMT                              00000001
TX8_9                             00000006
TX9                               00000006
TX9D                              00000000
TXD8                              00000000
TXEN                              00000005
TXIE                              00000004
TXIF                              00000004
TXREG                             00000019
TXSTA                             00000098
UA                                00000001
gpasm-1.4.0 #1106 (Oct  6 2014) obj\Debug\Tim   8-8-2019  10:49:57          PAGE 20


SYMBOL TABLE
  LABEL                             VALUE 

W                                 00000000
WCOL                              00000007
WR                                00000001
WREN                              00000002
WRERR                             00000003
WSAVE                             00000000
Z                                 00000002
_00001_DS_                        0000000A
_ADCON0                           00000000
_ADCON0bits                       00000000
_ADCON1                           00000000
_ADCON1bits                       00000000
_ADRESH                           00000000
_ADRESL                           00000000
_BODEN_OFF                        00003FBF
_BODEN_ON                         00003FFF
_BOREN_OFF                        00003FBF
_BOREN_ON                         00003FFF
_CCP1CON                          00000000
_CCP1CONbits                      00000000
_CCP2CON                          00000000
_CCP2CONbits                      00000000
_CCPR1                            00000000
_CCPR1H                           00000000
_CCPR1L                           00000000
_CCPR2                            00000000
_CCPR2H                           00000000
_CCPR2L                           00000000
_CMCON                            00000000
_CMCONbits                        00000000
_CONFIG                           00002007
_CPD_OFF                          00003FFF
_CPD_ON                           00003EFF
_CP_ALL                           00001FFF
_CP_OFF                           00003FFF
_CP_ON                            00001FFF
_CVRCON                           00000000
_CVRCONbits                       00000000
_DEBUG_OFF                        00003FFF
_DEBUG_ON                         000037FF
_DEVID1                           00002006
_EEADR                            00000000
_EEADRH                           00000000
_EECON1                           00000000
_EECON1bits                       00000000
_EECON2                           00000000
_EEDATA                           00000000
_EEDATH                           00000000
_FOSC_EXTRC                       00003FFF
_FOSC_HS                          00003FFE
_FOSC_LP                          00003FFC
_FOSC_XT                          00003FFD
_FSR                              00000000
gpasm-1.4.0 #1106 (Oct  6 2014) obj\Debug\Tim   8-8-2019  10:49:57          PAGE 21


SYMBOL TABLE
  LABEL                             VALUE 

_HS_OSC                           00003FFE
_IDLOC0                           00002000
_IDLOC1                           00002001
_IDLOC2                           00002002
_IDLOC3                           00002003
_INDF                             00000000
_INTCON                           00000000
_INTCONbits                       00000000
_LP_OSC                           00003FFC
_LVP_OFF                          00003F7F
_LVP_ON                           00003FFF
_OPTION_REG                       00000000
_OPTION_REGbits                   00000000
_PCL                              00000000
_PCLATH                           00000000
_PCON                             00000000
_PCONbits                         00000000
_PIE1                             00000000
_PIE1bits                         00000000
_PIE2                             00000000
_PIE2bits                         00000000
_PIR1                             00000000
_PIR1bits                         00000000
_PIR2                             00000000
_PIR2bits                         00000000
_PORTA                            00000000
_PORTAbits                        00000000
_PORTB                            00000000
_PORTBbits                        00000000
_PORTC                            00000000
_PORTCbits                        00000000
_PORTD                            00000000
_PORTDbits                        00000000
_PORTE                            00000000
_PORTEbits                        00000000
_PR2                              00000000
_PWRTE_OFF                        00003FFF
_PWRTE_ON                         00003FF7
_RCREG                            00000000
_RCSTA                            00000000
_RCSTAbits                        00000000
_RC_OSC                           00003FFF
_SPBRG                            00000000
_SSPADD                           00000000
_SSPBUF                           00000000
_SSPCON                           00000000
_SSPCON2                          00000000
_SSPCON2bits                      00000000
_SSPCONbits                       00000000
_SSPSTAT                          00000000
_SSPSTATbits                      00000000
_STATUS                           00000000
_STATUSbits                       00000000
gpasm-1.4.0 #1106 (Oct  6 2014) obj\Debug\Tim   8-8-2019  10:49:57          PAGE 22


SYMBOL TABLE
  LABEL                             VALUE 

_T1CON                            00000000
_T1CONbits                        00000000
_T2CON                            00000000
_T2CONbits                        00000000
_TMR0                             00000000
_TMR1                             00000000
_TMR1H                            00000000
_TMR1L                            00000000
_TMR2                             00000000
_TRISA                            00000000
_TRISAbits                        00000000
_TRISB                            00000000
_TRISBbits                        00000000
_TRISC                            00000000
_TRISCbits                        00000000
_TRISD                            00000000
_TRISDbits                        00000000
_TRISE                            00000000
_TRISEbits                        00000000
_TXREG                            00000000
_TXSTA                            00000000
_TXSTAbits                        00000000
_Timer_INIT                       0000001D
_Tmr_Check_Overflow               00000000
_Tmr_Start                        00000012
_Tmr_Stop                         0000000E
_Tmr_Update                       00000004
_WDTE_OFF                         00003FFB
_WDTE_ON                          00003FFF
_WDT_OFF                          00003FFB
_WDT_ON                           00003FFF
_WRT_1FOURTH                      00003BFF
_WRT_256                          00003DFF
_WRT_HALF                         000039FF
_WRT_OFF                          00003FFF
_XT_OSC                           00003FFD
__16F877A                         00000001
__CODE_END                        00001FFF
__CODE_START                      00000000
__COMMON_RAM_END                  0000007F
__COMMON_RAM_START                00000070
__EEPROM_END                      000021FF
__EEPROM_START                    00002100
__VECTOR_INT                      00000004
__VECTOR_RESET                    00000000
___sdcc_saved_fsr                 00000000
__sdcc_interrupt                  00000004
_run_flag                         00000000
r0x1002                           00000000

Errors   :     0
Warnings :     0 reported,     0 suppressed
Messages :     0 reported,     0 suppressed

